<testsuite failures="0" name="src/test/resources/features/metodo_get.feature" skipped="0" tests="2" time="9.64077">
  <testcase classname="src.test.resources.features.metodo_get" name="Servicio REST metodo GET" time="6.048436">
    <system-out>* def urlPath = http + host ............................................... passed
* def pathService = 'api/datamaster/getcitiesbyfranchisecountryapi' ....... passed
Given url 'https://uatperson.elempleo.com/app' ............................ passed
And path 'api/datamaster/getcitiesbyfranchisecountryapi' .................. passed
When method GET ........................................................... passed
Then status 200 ........................................................... passed</system-out>
  </testcase>
  <testcase classname="src.test.resources.features.metodo_get" name="Servicio REST metodo GET" time="3.592334">
    <system-out>* def urlPath = http + host ............................................... passed
* def pathService = 'api/datamaster/getcitiesbyfranchisecountryapi' ....... passed
Given url 'https://uatperson.elempleo.com/app' ............................ passed
And path 'api/datamaster/getcitiesbyfranchisecountryapi' .................. passed
When method GET ........................................................... passed
Then status 200 ........................................................... passed
* def urlPath = http + host ............................................... passed
* def pathService = 'api/datamaster/getcitiesbyfranchisecountryapi' ....... passed
Given url urlPath ......................................................... passed
And path pathService ...................................................... passed
When method GET ........................................................... passed
Then status 200 ........................................................... passed</system-out>
  </testcase>
</testsuite>
